
..........

[36m[24-11-2021 12:45][0m
[33mCaught:[0m [31mComely\CLI\Exception\BadArgumentException[0m
[33mMessage:[0m Unacceptable passed argument format near "docker-c..."
[33mFile:[0m [34mvendor/comely-io/cli/src/CLI.php[0m
[33mLine:[0m [36m84[0m
[33mBacktrace:[0m
┬
├─ Method [4m[35mComely\CLI\CLI->__construct[0m in file [4m[36mcommon/Kernel/CLI.php[0m on line # [4m[33m31[0m
├─ Method [4m[35mApp\Common\Kernel\CLI->__construct[0m in file [4m[36msrc/exec.php[0m on line # [4m[33m16[0m

..........

..........

[36m[24-11-2021 12:45][0m
[33mCaught:[0m [31mComely\CLI\Exception\BadArgumentException[0m
[33mMessage:[0m Unacceptable passed argument format near "docker-c..."
[33mFile:[0m [34mvendor/comely-io/cli/src/CLI.php[0m
[33mLine:[0m [36m84[0m
[33mBacktrace:[0m
┬
├─ Method [4m[35mComely\CLI\CLI->__construct[0m in file [4m[36mcommon/Kernel/CLI.php[0m on line # [4m[33m31[0m
├─ Method [4m[35mApp\Common\Kernel\CLI->__construct[0m in file [4m[36msrc/exec.php[0m on line # [4m[33m16[0m

..........

..........

[36m[24-11-2021 12:45][0m
[33mCaught:[0m [31mComely\CLI\Exception\BadArgumentException[0m
[33mMessage:[0m Unacceptable passed argument format near "pmadmin...."
[33mFile:[0m [34mvendor/comely-io/cli/src/CLI.php[0m
[33mLine:[0m [36m84[0m
[33mBacktrace:[0m
┬
├─ Method [4m[35mComely\CLI\CLI->__construct[0m in file [4m[36mcommon/Kernel/CLI.php[0m on line # [4m[33m31[0m
├─ Method [4m[35mApp\Common\Kernel\CLI->__construct[0m in file [4m[36msrc/exec.php[0m on line # [4m[33m16[0m

..........

[36m[25-11-2021 05:27][0m
[33mError:[0m [31mWarning[0m
[33mMessage:[0m [App\Common\Exception\AppConfigException][#0] Cipher key "primary" entropy is set to default; It must be changed
[33mFile:[0m [34mcommon/Admin/Administrator.php[0m
[33mLine:[0m [36m100[0m

[36m[25-11-2021 05:29][0m
[33mError:[0m [31mWarning[0m
[33mMessage:[0m [App\Common\Exception\AppConfigException][#0] Cipher key "primary" entropy is set to default; It must be changed
[33mFile:[0m [34mcommon/Admin/Administrator.php[0m
[33mLine:[0m [36m100[0m

[36m[25-11-2021 05:31][0m
[33mError:[0m [31mWarning[0m
[33mMessage:[0m [App\Common\Exception\AppConfigException][#0] Cipher key "primary" entropy is set to default; It must be changed
[33mFile:[0m [34mcommon/Admin/Administrator.php[0m
[33mLine:[0m [36m100[0m

[36m[25-11-2021 05:38][0m
[33mError:[0m [31mWarning[0m
[33mMessage:[0m [App\Common\Exception\AppConfigException][#0] Cipher key "primary" entropy is set to default; It must be changed
[33mFile:[0m [34mcommon/Admin/Administrator.php[0m
[33mLine:[0m [36m100[0m

[36m[25-11-2021 05:47][0m
[33mError:[0m [31mWarning[0m
[33mMessage:[0m [App\Common\Exception\AppConfigException][#0] Cipher key "primary" entropy is set to default; It must be changed
[33mFile:[0m [34mcommon/Admin/Administrator.php[0m
[33mLine:[0m [36m100[0m

[36m[25-11-2021 05:48][0m
[33mError:[0m [31mWarning[0m
[33mMessage:[0m [App\Common\Exception\AppConfigException][#0] Cipher key "primary" entropy is set to default; It must be changed
[33mFile:[0m [34mcommon/Admin/Administrator.php[0m
[33mLine:[0m [36m100[0m

[36m[25-11-2021 09:26][0m
[33mError:[0m [31mNotice[0m
[33mMessage:[0m Undefined variable: saveCountryData
[33mFile:[0m [34msrc/scripts/admin_credentials.php[0m
[33mLine:[0m [36m96[0m

[36m[25-11-2021 09:26][0m
[33mError:[0m [31mNotice[0m
[33mMessage:[0m Trying to access array offset on value of type null
[33mFile:[0m [34msrc/scripts/admin_credentials.php[0m
[33mLine:[0m [36m96[0m

[36m[25-11-2021 09:26][0m
[33mError:[0m [31mNotice[0m
[33mMessage:[0m Undefined variable: saveCountryData
[33mFile:[0m [34msrc/scripts/admin_credentials.php[0m
[33mLine:[0m [36m96[0m

[36m[25-11-2021 09:26][0m
[33mError:[0m [31mNotice[0m
[33mMessage:[0m Trying to access array offset on value of type null
[33mFile:[0m [34msrc/scripts/admin_credentials.php[0m
[33mLine:[0m [36m96[0m

..........

[36m[09-12-2021 09:37][0m
[33mCaught:[0m [31mComely\CLI\Exception\BadArgumentException[0m
[33mMessage:[0m Unacceptable passed argument format near "app/comm..."
[33mFile:[0m [34mvendor/comely-io/cli/src/CLI.php[0m
[33mLine:[0m [36m84[0m
[33mBacktrace:[0m
┬
├─ Method [4m[35mComely\CLI\CLI->__construct[0m in file [4m[36mcommon/Kernel/CLI.php[0m on line # [4m[33m31[0m
├─ Method [4m[35mApp\Common\Kernel\CLI->__construct[0m in file [4m[36msrc/exec.php[0m on line # [4m[33m16[0m

..........
