
..........

[36m[09-12-2021 06:10][0m
[33mCaught:[0m [31mError[0m
[33mMessage:[0m Class 'Comely\Sessions\Sessions' not found
[33mFile:[0m [34msrc/APIService.php[0m
[33mLine:[0m [36m38[0m
[33mBacktrace:[0m
┬
├─ Method [4m[35mApp\API\APIService->__construct[0m in file [4m[36mcommon/Kernel.php[0m on line # [4m[33m57[0m
├─ Method [4m[35mApp\Common\Kernel::Bootstrap[0m in file [4m[36mwww/index.php[0m on line # [4m[33m7[0m

..........

..........

[36m[09-12-2021 06:11][0m
[33mCaught:[0m [31mError[0m
[33mMessage:[0m Class 'Comely\Sessions\Sessions' not found
[33mFile:[0m [34msrc/APIService.php[0m
[33mLine:[0m [36m38[0m
[33mBacktrace:[0m
┬
├─ Method [4m[35mApp\API\APIService->__construct[0m in file [4m[36mcommon/Kernel.php[0m on line # [4m[33m57[0m
├─ Method [4m[35mApp\Common\Kernel::Bootstrap[0m in file [4m[36mwww/index.php[0m on line # [4m[33m7[0m

..........

..........

[36m[09-12-2021 06:17][0m
[33mCaught:[0m [31mError[0m
[33mMessage:[0m Class 'Comely\Sessions\Sessions' not found
[33mFile:[0m [34msrc/APIService.php[0m
[33mLine:[0m [36m38[0m
[33mBacktrace:[0m
┬
├─ Method [4m[35mApp\API\APIService->__construct[0m in file [4m[36mcommon/Kernel.php[0m on line # [4m[33m57[0m
├─ Method [4m[35mApp\Common\Kernel::Bootstrap[0m in file [4m[36mwww/index.php[0m on line # [4m[33m7[0m

..........

..........

[36m[09-12-2021 06:20][0m
[33mCaught:[0m [31mError[0m
[33mMessage:[0m Class 'Comely\Sessions\Sessions' not found
[33mFile:[0m [34msrc/APIService.php[0m
[33mLine:[0m [36m37[0m
[33mBacktrace:[0m
┬
├─ Method [4m[35mApp\API\APIService->__construct[0m in file [4m[36mcommon/Kernel.php[0m on line # [4m[33m57[0m
├─ Method [4m[35mApp\Common\Kernel::Bootstrap[0m in file [4m[36mwww/index.php[0m on line # [4m[33m7[0m

..........

..........

[36m[09-12-2021 06:20][0m
[33mCaught:[0m [31mError[0m
[33mMessage:[0m Class 'Comely\Sessions\Sessions' not found
[33mFile:[0m [34msrc/APIService.php[0m
[33mLine:[0m [36m37[0m
[33mBacktrace:[0m
┬
├─ Method [4m[35mApp\API\APIService->__construct[0m in file [4m[36mcommon/Kernel.php[0m on line # [4m[33m57[0m
├─ Method [4m[35mApp\Common\Kernel::Bootstrap[0m in file [4m[36mwww/index.php[0m on line # [4m[33m7[0m

..........

..........

[36m[09-12-2021 06:20][0m
[33mCaught:[0m [31mError[0m
[33mMessage:[0m Class 'Comely\Sessions\Sessions' not found
[33mFile:[0m [34msrc/APIService.php[0m
[33mLine:[0m [36m37[0m
[33mBacktrace:[0m
┬
├─ Method [4m[35mApp\API\APIService->__construct[0m in file [4m[36mcommon/Kernel.php[0m on line # [4m[33m57[0m
├─ Method [4m[35mApp\Common\Kernel::Bootstrap[0m in file [4m[36mwww/index.php[0m on line # [4m[33m7[0m

..........

..........

[36m[09-12-2021 06:22][0m
[33mCaught:[0m [31mError[0m
[33mMessage:[0m Class 'Comely\Sessions\Sessions' not found
[33mFile:[0m [34msrc/APIService.php[0m
[33mLine:[0m [36m37[0m
[33mBacktrace:[0m
┬
├─ Method [4m[35mApp\API\APIService->__construct[0m in file [4m[36mcommon/Kernel.php[0m on line # [4m[33m57[0m
├─ Method [4m[35mApp\Common\Kernel::Bootstrap[0m in file [4m[36mwww/index.php[0m on line # [4m[33m7[0m

..........

..........

[36m[09-12-2021 06:52][0m
[33mCaught:[0m [31mError[0m
[33mMessage:[0m Class 'Comely\Sessions\Sessions' not found
[33mFile:[0m [34msrc/APIService.php[0m
[33mLine:[0m [36m37[0m
[33mBacktrace:[0m
┬
├─ Method [4m[35mApp\API\APIService->__construct[0m in file [4m[36mcommon/Kernel.php[0m on line # [4m[33m57[0m
├─ Method [4m[35mApp\Common\Kernel::Bootstrap[0m in file [4m[36mwww/index.php[0m on line # [4m[33m7[0m

..........

..........

[36m[09-12-2021 06:52][0m
[33mCaught:[0m [31mError[0m
[33mMessage:[0m Class 'Comely\Sessions\Sessions' not found
[33mFile:[0m [34msrc/APIService.php[0m
[33mLine:[0m [36m37[0m
[33mBacktrace:[0m
┬
├─ Method [4m[35mApp\API\APIService->__construct[0m in file [4m[36mcommon/Kernel.php[0m on line # [4m[33m57[0m
├─ Method [4m[35mApp\Common\Kernel::Bootstrap[0m in file [4m[36mwww/index.php[0m on line # [4m[33m7[0m

..........

..........

[36m[09-12-2021 06:53][0m
[33mCaught:[0m [31mError[0m
[33mMessage:[0m Class 'Comely\Sessions\Sessions' not found
[33mFile:[0m [34msrc/APIService.php[0m
[33mLine:[0m [36m37[0m
[33mBacktrace:[0m
┬
├─ Method [4m[35mApp\API\APIService->__construct[0m in file [4m[36mcommon/Kernel.php[0m on line # [4m[33m57[0m
├─ Method [4m[35mApp\Common\Kernel::Bootstrap[0m in file [4m[36mwww/index.php[0m on line # [4m[33m7[0m

..........

..........

[36m[09-12-2021 07:00][0m
[33mCaught:[0m [31mError[0m
[33mMessage:[0m Class 'Comely\Sessions\Sessions' not found
[33mFile:[0m [34msrc/APIService.php[0m
[33mLine:[0m [36m37[0m
[33mBacktrace:[0m
┬
├─ Method [4m[35mApp\API\APIService->__construct[0m in file [4m[36mcommon/Kernel.php[0m on line # [4m[33m57[0m
├─ Method [4m[35mApp\Common\Kernel::Bootstrap[0m in file [4m[36mwww/index.php[0m on line # [4m[33m7[0m

..........

..........

[36m[09-12-2021 07:00][0m
[33mCaught:[0m [31mError[0m
[33mMessage:[0m Class 'Comely\Sessions\Sessions' not found
[33mFile:[0m [34msrc/APIService.php[0m
[33mLine:[0m [36m37[0m
[33mBacktrace:[0m
┬
├─ Method [4m[35mApp\API\APIService->__construct[0m in file [4m[36mcommon/Kernel.php[0m on line # [4m[33m57[0m
├─ Method [4m[35mApp\Common\Kernel::Bootstrap[0m in file [4m[36mwww/index.php[0m on line # [4m[33m7[0m

..........
